<?xml version="1.0" encoding="UTF-8"?>
<testng-results skipped="0" failed="0" ignored="0" total="2" passed="2">
  <reporter-output>
  </reporter-output>
  <suite name="Suite" duration-ms="51350" started-at="2020-04-14T17:29:29 IST" finished-at="2020-04-14T17:30:20 IST">
    <groups>
    </groups>
    <test name="Test" duration-ms="51350" started-at="2020-04-14T17:29:29 IST" finished-at="2020-04-14T17:30:20 IST">
      <class name="basics.FbLogin">
        <test-method status="PASS" signature="openBrowser()[pri:0, instance:basics.FbLogin@1c24521]" name="openBrowser" is-config="true" duration-ms="31715" started-at="2020-04-14T17:29:29 IST" finished-at="2020-04-14T17:30:01 IST">
          <reporter-output>
          </reporter-output>
        </test-method> <!-- openBrowser -->
        <test-method status="PASS" signature="verifyTitleofPage()[pri:0, instance:basics.FbLogin@1c24521]" name="verifyTitleofPage" duration-ms="20" started-at="2020-04-14T17:30:18 IST" finished-at="2020-04-14T17:30:18 IST">
          <reporter-output>
          </reporter-output>
        </test-method> <!-- verifyTitleofPage -->
        <test-method status="PASS" signature="tearDown()[pri:0, instance:basics.FbLogin@1c24521]" name="tearDown" is-config="true" duration-ms="2456" started-at="2020-04-14T17:30:18 IST" finished-at="2020-04-14T17:30:20 IST">
          <reporter-output>
          </reporter-output>
        </test-method> <!-- tearDown -->
      </class> <!-- basics.FbLogin -->
      <class name="basics.MyFirstMaven">
        <test-method status="PASS" signature="verifyGoogle()[pri:0, instance:basics.MyFirstMaven@bdf5e5]" name="verifyGoogle" duration-ms="17055" started-at="2020-04-14T17:30:01 IST" finished-at="2020-04-14T17:30:18 IST">
          <reporter-output>
          </reporter-output>
        </test-method> <!-- verifyGoogle -->
      </class> <!-- basics.MyFirstMaven -->
    </test> <!-- Test -->
  </suite> <!-- Suite -->
</testng-results>
